==================== [OK] CheckSupportedOS ====================
Ubuntu 16.04 is a supported OS 
 
==================== [OK] CheckJVMVersion ====================
StreamSets-recommended OpenJDK 8 installed and available 
 
==================== [OK] CheckUlimit ====================
Hard and soft open file limit setting is correct 
 
==================== PrintOSDetails ====================
Hostname : ip-10-10-56-127.us-west-2.compute.internal 
Kernel Version :  4.4.0-1107-aws 
OS Architecture :  64 Bit OS 
 
==================== PrintSystemUptime ====================
System Uptime :  up by 4:15 1 user hours 
Current System Date & Time : Tue 16 Jun 2020 05:16:33 PM UTC 
 
==================== FindReadOnlyFileSystems ====================
.....No read-only file system[s] found.  
 
==================== FindCurrentlyMountedFileSystems ====================
/dev/xvda1  on  /  type  ext4  (rw,relatime,discard,data=ordered) 
 
==================== [OK] CheckDiskUsage ====================
disk usage under 90%: /dev/xvda1 / 6% 
 
==================== [OK] FindZombieProcesses ====================
No zombie processes found on the system. 
 
==================== CheckSwapUtilization ====================
Total Swap Memory in MiB : 0, in GiB : 0 
Swap Free Memory in MiB : 0, in GiB : 0 
 
==================== CheckProcessorUtilization ====================
Current CPU Utilization Summary :
 
05:16:33 PM  CPU    %usr   %nice    %sys %iowait    %irq   %soft  %steal  %guest  %gnice   %idle
05:16:33 PM  all    0.15    0.00    0.04    0.01    0.00    0.00    0.07    0.00    0.00   99.73 
 
==================== [OK] CheckMemorySettingsMatch ====================
Current Initial and Maximum heap sizes match. Xms: 512m    Xmx: 512m 
 
==================== [FAIL] CheckMinMemory ====================
StreamSets recommends at least 8 GB of heap memory available for both production and non-production 
environments: Current Xmx: 512m 
 
==================== [OK] CheckMaxMemory ====================
Available memory is not excessive (i.e. > 64 GB). Current Xmx: 512m 
 
==================== [FAIL] CheckMinSysMemory ====================
StreamSets requires at a minimum 1 GB of system memory for either Data Collector or Transformer. 
However, for most purposes, we advise having substantially more available. We usually recommend 
at least 12 GB for development systems and 22 GB for production, assuming the Data Collector 
or Transformer is the only application running. Total system memory: 1 g 
 
==================== [OK] CheckPctOfSysMemory ====================
Available heap memory is below 75% of total system memory. Current Xmx: 512m   Total system memory: 1 g 
 

